{
  "RSpec": {
    "coverage": {
      "/Users/yoshioka/code/mayushee/app/controllers/duties_controller.rb": [
        1,
        1,
        1,
        null,
        1,
        null,
        1,
        0,
        null,
        null,
        1,
        0,
        0,
        0,
        null,
        null,
        1,
        0,
        0,
        null,
        0,
        null,
        null,
        null,
        1,
        null,
        1,
        0,
        null,
        null,
        1,
        0,
        null,
        null
      ],
      "/Users/yoshioka/code/mayushee/app/controllers/application_controller.rb": [
        1,
        1,
        null
      ],
      "/Users/yoshioka/code/mayushee/spec/controllers/projects_controller_spec.rb": [
        1,
        null,
        null,
        null,
        null,
        null,
        null,
        null,
        null,
        null,
        null,
        null,
        null,
        null,
        null,
        null,
        null,
        null,
        null,
        null,
        1,
        1,
        16,
        16,
        16,
        null,
        null,
        null,
        null,
        null,
        1,
        15,
        null,
        null,
        null,
        null,
        null,
        1,
        16,
        null,
        null,
        1,
        1,
        1,
        1,
        1,
        null,
        null,
        null,
        1,
        1,
        1,
        1,
        1,
        null,
        null,
        null,
        1,
        1,
        1,
        1,
        null,
        null,
        null,
        1,
        1,
        1,
        1,
        1,
        null,
        null,
        null,
        1,
        1,
        1,
        1,
        1,
        null,
        null,
        null,
        1,
        1,
        1,
        1,
        null,
        null,
        1,
        1,
        1,
        null,
        null,
        null,
        1,
        1,
        null,
        1,
        1,
        1,
        null,
        null,
        1,
        null,
        1,
        1,
        1,
        null,
        null,
        null,
        null,
        1,
        1,
        1,
        1,
        null,
        null,
        null,
        null,
        1,
        1,
        null,
        null,
        1,
        1,
        1,
        1,
        null,
        null,
        1,
        1,
        1,
        1,
        null,
        null,
        null,
        1,
        1,
        1,
        null,
        1,
        1,
        1,
        null,
        null,
        1,
        1,
        null,
        1,
        1,
        1,
        null,
        null,
        null,
        null,
        1,
        1,
        1,
        1,
        1,
        null,
        null,
        null,
        1,
        1,
        1,
        1,
        null,
        null,
        null,
        null
      ],
      "/Users/yoshioka/code/mayushee/app/controllers/projects_controller.rb": [
        1,
        1,
        null,
        1,
        null,
        1,
        1,
        null,
        null,
        1,
        1,
        null,
        null,
        1,
        1,
        null,
        null,
        1,
        1,
        null,
        null,
        1,
        5,
        null,
        5,
        3,
        null,
        2,
        null,
        null,
        null,
        1,
        5,
        null,
        5,
        2,
        null,
        3,
        null,
        null,
        null,
        1,
        2,
        2,
        null,
        2,
        null,
        null,
        1,
        null,
        1,
        10,
        null,
        null
      ],
      "/Users/yoshioka/code/mayushee/spec/helpers/duties_helper_spec.rb": [
        1,
        null,
        null,
        null,
        null,
        null,
        null,
        null,
        null,
        null,
        null,
        null,
        1,
        1,
        null
      ],
      "/Users/yoshioka/code/mayushee/spec/helpers/projects_helper_spec.rb": [
        1,
        null,
        null,
        null,
        null,
        null,
        null,
        null,
        null,
        null,
        null,
        null,
        1,
        1,
        null
      ],
      "/Users/yoshioka/code/mayushee/spec/models/commitment_spec.rb": [
        1,
        null,
        1,
        1,
        null
      ],
      "/Users/yoshioka/code/mayushee/app/models/commitment.rb": [
        1,
        1,
        1,
        null
      ],
      "/Users/yoshioka/code/mayushee/spec/models/duty_spec.rb": [
        1,
        null,
        1,
        1,
        null
      ],
      "/Users/yoshioka/code/mayushee/app/models/duty.rb": [
        1,
        1,
        1,
        1,
        null
      ],
      "/Users/yoshioka/code/mayushee/spec/models/planning_spec.rb": [
        1,
        null,
        1,
        1,
        null
      ],
      "/Users/yoshioka/code/mayushee/app/models/planning.rb": [
        1,
        1,
        1,
        null
      ],
      "/Users/yoshioka/code/mayushee/spec/models/project_spec.rb": [
        1,
        null,
        1,
        1,
        null
      ],
      "/Users/yoshioka/code/mayushee/app/models/project.rb": [
        1,
        1,
        1,
        1,
        1,
        1,
        null
      ],
      "/Users/yoshioka/code/mayushee/spec/models/role_spec.rb": [
        1,
        null,
        1,
        1,
        null
      ],
      "/Users/yoshioka/code/mayushee/app/models/role.rb": [
        1,
        1,
        null,
        1,
        1,
        1,
        null,
        1,
        null
      ],
      "/Users/yoshioka/code/mayushee/spec/models/sprint_spec.rb": [
        1,
        null,
        1,
        1,
        null
      ],
      "/Users/yoshioka/code/mayushee/app/models/sprint.rb": [
        1,
        1,
        1,
        1,
        1,
        null
      ],
      "/Users/yoshioka/code/mayushee/spec/models/story_spec.rb": [
        1,
        null,
        1,
        1,
        null
      ],
      "/Users/yoshioka/code/mayushee/app/models/story.rb": [
        1,
        1,
        1,
        1,
        null,
        1,
        0,
        null,
        null
      ],
      "/Users/yoshioka/code/mayushee/spec/models/task_spec.rb": [
        1,
        null,
        1,
        1,
        null
      ],
      "/Users/yoshioka/code/mayushee/app/models/task.rb": [
        1,
        1,
        1,
        null,
        1,
        1,
        null,
        1,
        null
      ],
      "/Users/yoshioka/code/mayushee/spec/models/user_spec.rb": [
        1,
        null,
        1,
        1,
        null
      ],
      "/Users/yoshioka/code/mayushee/spec/models/work_hour_spec.rb": [
        1,
        null,
        1,
        1,
        null
      ],
      "/Users/yoshioka/code/mayushee/app/models/work_hour.rb": [
        1,
        1,
        1,
        null
      ],
      "/Users/yoshioka/code/mayushee/spec/routing/duties_routing_spec.rb": [
        1,
        null,
        1,
        1,
        null,
        1,
        1,
        null,
        null,
        1,
        1,
        null,
        null,
        1,
        1,
        null,
        null,
        1,
        1,
        null,
        null,
        1,
        1,
        null,
        null,
        1,
        1,
        null,
        null,
        1,
        1,
        null,
        null,
        null,
        null
      ],
      "/Users/yoshioka/code/mayushee/spec/routing/projects_routing_spec.rb": [
        1,
        null,
        1,
        1,
        null,
        1,
        1,
        null,
        null,
        1,
        1,
        null,
        null,
        1,
        1,
        null,
        null,
        1,
        1,
        null,
        null,
        1,
        1,
        null,
        null,
        1,
        1,
        null,
        null,
        1,
        1,
        null,
        null,
        null,
        null
      ],
      "/Users/yoshioka/code/mayushee/spec/routing/sprints_routing_spec.rb": [
        1,
        null,
        1,
        1,
        null,
        1,
        1,
        null,
        null,
        1,
        1,
        null,
        null,
        1,
        1,
        null,
        null,
        1,
        1,
        null,
        null,
        1,
        1,
        null,
        null,
        1,
        1,
        null,
        null,
        1,
        1,
        null,
        null,
        null,
        null
      ],
      "/Users/yoshioka/code/mayushee/app/controllers/sprints_controller.rb": [
        1,
        1,
        1,
        null,
        1,
        null,
        1,
        0,
        null,
        null,
        1,
        0,
        null,
        null,
        1,
        0,
        0,
        null,
        0,
        null,
        null,
        null,
        1,
        null,
        1,
        0,
        null,
        null,
        1,
        null,
        0,
        null,
        null,
        null
      ],
      "/Users/yoshioka/code/mayushee/spec/routing/stories_routing_spec.rb": [
        1,
        null,
        1,
        1,
        null,
        1,
        1,
        null,
        null,
        1,
        1,
        null,
        null,
        1,
        1,
        null,
        null,
        1,
        1,
        null,
        null,
        1,
        1,
        null,
        null,
        1,
        1,
        null,
        null,
        1,
        1,
        null,
        null,
        null,
        null
      ],
      "/Users/yoshioka/code/mayushee/app/controllers/stories_controller.rb": [
        1,
        1,
        1,
        null,
        1,
        null,
        1,
        0,
        null,
        null,
        1,
        0,
        0,
        null,
        null,
        1,
        0,
        null,
        null,
        1,
        0,
        0,
        null,
        0,
        null,
        null,
        null,
        1,
        null,
        1,
        0,
        null,
        null,
        1,
        null,
        0,
        null,
        null
      ],
      "/Users/yoshioka/code/mayushee/spec/routing/users_routing_spec.rb": [
        1,
        null,
        1,
        1,
        null,
        1,
        1,
        null,
        null,
        1,
        1,
        null,
        null,
        1,
        1,
        null,
        null,
        1,
        1,
        null,
        null,
        1,
        1,
        null,
        null,
        1,
        1,
        null,
        null,
        1,
        1,
        null,
        null,
        null,
        null
      ],
      "/Users/yoshioka/code/mayushee/app/controllers/users_controller.rb": [
        1,
        1,
        null,
        1,
        null,
        1,
        0,
        null,
        null,
        1,
        0,
        null,
        null,
        1,
        0,
        null,
        null,
        1,
        0,
        null,
        null,
        1,
        0,
        null,
        0,
        0,
        null,
        0,
        null,
        null,
        null,
        1,
        0,
        null,
        0,
        0,
        null,
        0,
        null,
        null,
        null,
        1,
        0,
        0,
        null,
        0,
        null,
        null,
        1,
        null,
        1,
        0,
        null,
        null
      ],
      "/Users/yoshioka/code/mayushee/app/models/ability.rb": [
        1,
        1,
        null,
        1,
        16,
        16,
        16,
        null,
        0,
        null,
        null,
        null,
        null,
        null,
        null,
        null,
        null,
        null,
        null,
        null,
        null,
        null,
        null,
        null,
        null,
        null,
        null,
        null,
        null,
        null,
        null,
        null,
        null,
        null,
        null,
        null,
        null,
        null
      ]
    },
    "timestamp": 1369549240
  }
}
